[2022-11-29T06:07:22.917+0000] {processor.py:154} INFO - Started process (PID=1253) to work on /opt/airflow/dags/ETL_sismos.py
[2022-11-29T06:07:22.918+0000] {processor.py:756} INFO - Processing file /opt/airflow/dags/ETL_sismos.py for tasks to queue
[2022-11-29T06:07:22.919+0000] {logging_mixin.py:137} INFO - [2022-11-29T06:07:22.918+0000] {dagbag.py:537} INFO - Filling up the DagBag from /opt/airflow/dags/ETL_sismos.py
[2022-11-29T06:07:23.363+0000] {processor.py:766} INFO - DAG(s) dict_keys(['ETL_sismos']) retrieved from /opt/airflow/dags/ETL_sismos.py
[2022-11-29T06:07:23.450+0000] {logging_mixin.py:137} INFO - [2022-11-29T06:07:23.450+0000] {manager.py:507} INFO - Created Permission View: can read on DAG:ETL_sismos
[2022-11-29T06:07:23.461+0000] {logging_mixin.py:137} INFO - [2022-11-29T06:07:23.461+0000] {manager.py:507} INFO - Created Permission View: can edit on DAG:ETL_sismos
[2022-11-29T06:07:23.469+0000] {logging_mixin.py:137} INFO - [2022-11-29T06:07:23.469+0000] {manager.py:507} INFO - Created Permission View: can delete on DAG:ETL_sismos
[2022-11-29T06:07:23.470+0000] {logging_mixin.py:137} INFO - [2022-11-29T06:07:23.469+0000] {dag.py:2585} INFO - Sync 1 DAGs
[2022-11-29T06:07:23.663+0000] {logging_mixin.py:137} INFO - [2022-11-29T06:07:23.662+0000] {dag.py:2606} INFO - Creating ORM DAG for ETL_sismos
[2022-11-29T06:07:23.676+0000] {logging_mixin.py:137} INFO - [2022-11-29T06:07:23.676+0000] {dag.py:3340} INFO - Setting next_dagrun for ETL_sismos to 2022-11-29T06:06:00+00:00, run_after=2022-11-29T06:07:00+00:00
[2022-11-29T06:07:23.692+0000] {processor.py:176} INFO - Processing /opt/airflow/dags/ETL_sismos.py took 0.778 seconds
[2022-11-29T06:07:54.105+0000] {processor.py:154} INFO - Started process (PID=1309) to work on /opt/airflow/dags/ETL_sismos.py
[2022-11-29T06:07:54.105+0000] {processor.py:756} INFO - Processing file /opt/airflow/dags/ETL_sismos.py for tasks to queue
[2022-11-29T06:07:54.106+0000] {logging_mixin.py:137} INFO - [2022-11-29T06:07:54.106+0000] {dagbag.py:537} INFO - Filling up the DagBag from /opt/airflow/dags/ETL_sismos.py
[2022-11-29T06:07:54.405+0000] {processor.py:766} INFO - DAG(s) dict_keys(['ETL_sismos']) retrieved from /opt/airflow/dags/ETL_sismos.py
[2022-11-29T06:07:54.435+0000] {logging_mixin.py:137} INFO - [2022-11-29T06:07:54.435+0000] {dag.py:2585} INFO - Sync 1 DAGs
[2022-11-29T06:07:54.460+0000] {logging_mixin.py:137} INFO - [2022-11-29T06:07:54.460+0000] {dag.py:3340} INFO - Setting next_dagrun for ETL_sismos to 2022-11-29T06:06:00+00:00, run_after=2022-11-29T06:07:00+00:00
[2022-11-29T06:07:54.476+0000] {processor.py:176} INFO - Processing /opt/airflow/dags/ETL_sismos.py took 0.374 seconds
[2022-11-29T06:08:24.566+0000] {processor.py:154} INFO - Started process (PID=1374) to work on /opt/airflow/dags/ETL_sismos.py
[2022-11-29T06:08:24.567+0000] {processor.py:756} INFO - Processing file /opt/airflow/dags/ETL_sismos.py for tasks to queue
[2022-11-29T06:08:24.567+0000] {logging_mixin.py:137} INFO - [2022-11-29T06:08:24.567+0000] {dagbag.py:537} INFO - Filling up the DagBag from /opt/airflow/dags/ETL_sismos.py
[2022-11-29T06:08:24.872+0000] {processor.py:766} INFO - DAG(s) dict_keys(['ETL_sismos']) retrieved from /opt/airflow/dags/ETL_sismos.py
[2022-11-29T06:08:24.903+0000] {logging_mixin.py:137} INFO - [2022-11-29T06:08:24.902+0000] {dag.py:2585} INFO - Sync 1 DAGs
[2022-11-29T06:08:25.036+0000] {logging_mixin.py:137} INFO - [2022-11-29T06:08:25.035+0000] {dag.py:3340} INFO - Setting next_dagrun for ETL_sismos to 2022-11-29T06:07:00+00:00, run_after=2022-11-29T06:08:00+00:00
[2022-11-29T06:08:25.054+0000] {processor.py:176} INFO - Processing /opt/airflow/dags/ETL_sismos.py took 0.490 seconds
[2022-11-29T06:08:56.027+0000] {processor.py:154} INFO - Started process (PID=1439) to work on /opt/airflow/dags/ETL_sismos.py
[2022-11-29T06:08:56.028+0000] {processor.py:756} INFO - Processing file /opt/airflow/dags/ETL_sismos.py for tasks to queue
[2022-11-29T06:08:56.029+0000] {logging_mixin.py:137} INFO - [2022-11-29T06:08:56.029+0000] {dagbag.py:537} INFO - Filling up the DagBag from /opt/airflow/dags/ETL_sismos.py
[2022-11-29T06:08:56.370+0000] {processor.py:766} INFO - DAG(s) dict_keys(['ETL_sismos']) retrieved from /opt/airflow/dags/ETL_sismos.py
[2022-11-29T06:08:56.406+0000] {logging_mixin.py:137} INFO - [2022-11-29T06:08:56.404+0000] {dag.py:2585} INFO - Sync 1 DAGs
[2022-11-29T06:08:56.552+0000] {logging_mixin.py:137} INFO - [2022-11-29T06:08:56.552+0000] {dag.py:3340} INFO - Setting next_dagrun for ETL_sismos to 2022-11-29T06:07:00+00:00, run_after=2022-11-29T06:08:00+00:00
[2022-11-29T06:08:56.567+0000] {processor.py:176} INFO - Processing /opt/airflow/dags/ETL_sismos.py took 0.542 seconds
[2022-11-29T06:11:22.737+0000] {processor.py:154} INFO - Started process (PID=42) to work on /opt/airflow/dags/ETL_sismos.py
[2022-11-29T06:11:22.737+0000] {processor.py:756} INFO - Processing file /opt/airflow/dags/ETL_sismos.py for tasks to queue
[2022-11-29T06:11:22.738+0000] {logging_mixin.py:137} INFO - [2022-11-29T06:11:22.738+0000] {dagbag.py:537} INFO - Filling up the DagBag from /opt/airflow/dags/ETL_sismos.py
[2022-11-29T06:11:23.952+0000] {processor.py:766} INFO - DAG(s) dict_keys(['ETL_sismos']) retrieved from /opt/airflow/dags/ETL_sismos.py
[2022-11-29T06:11:24.074+0000] {logging_mixin.py:137} INFO - [2022-11-29T06:11:24.073+0000] {dag.py:2585} INFO - Sync 1 DAGs
[2022-11-29T06:11:24.106+0000] {logging_mixin.py:137} INFO - [2022-11-29T06:11:24.106+0000] {dag.py:3340} INFO - Setting next_dagrun for ETL_sismos to 2022-11-29T06:10:00+00:00, run_after=2022-11-29T06:11:00+00:00
[2022-11-29T06:11:24.129+0000] {processor.py:176} INFO - Processing /opt/airflow/dags/ETL_sismos.py took 1.397 seconds
[2022-11-29T06:11:54.375+0000] {processor.py:154} INFO - Started process (PID=112) to work on /opt/airflow/dags/ETL_sismos.py
[2022-11-29T06:11:54.376+0000] {processor.py:756} INFO - Processing file /opt/airflow/dags/ETL_sismos.py for tasks to queue
[2022-11-29T06:11:54.376+0000] {logging_mixin.py:137} INFO - [2022-11-29T06:11:54.376+0000] {dagbag.py:537} INFO - Filling up the DagBag from /opt/airflow/dags/ETL_sismos.py
[2022-11-29T06:11:54.793+0000] {processor.py:766} INFO - DAG(s) dict_keys(['ETL_sismos']) retrieved from /opt/airflow/dags/ETL_sismos.py
[2022-11-29T06:11:54.822+0000] {logging_mixin.py:137} INFO - [2022-11-29T06:11:54.822+0000] {dag.py:2585} INFO - Sync 1 DAGs
[2022-11-29T06:11:54.846+0000] {logging_mixin.py:137} INFO - [2022-11-29T06:11:54.846+0000] {dag.py:3340} INFO - Setting next_dagrun for ETL_sismos to 2022-11-29T06:10:00+00:00, run_after=2022-11-29T06:11:00+00:00
[2022-11-29T06:11:54.864+0000] {processor.py:176} INFO - Processing /opt/airflow/dags/ETL_sismos.py took 0.491 seconds
[2022-11-29T06:12:25.320+0000] {processor.py:154} INFO - Started process (PID=178) to work on /opt/airflow/dags/ETL_sismos.py
[2022-11-29T06:12:25.320+0000] {processor.py:756} INFO - Processing file /opt/airflow/dags/ETL_sismos.py for tasks to queue
[2022-11-29T06:12:25.321+0000] {logging_mixin.py:137} INFO - [2022-11-29T06:12:25.321+0000] {dagbag.py:537} INFO - Filling up the DagBag from /opt/airflow/dags/ETL_sismos.py
[2022-11-29T06:12:25.764+0000] {processor.py:766} INFO - DAG(s) dict_keys(['ETL_sismos']) retrieved from /opt/airflow/dags/ETL_sismos.py
[2022-11-29T06:12:25.794+0000] {logging_mixin.py:137} INFO - [2022-11-29T06:12:25.793+0000] {dag.py:2585} INFO - Sync 1 DAGs
[2022-11-29T06:12:25.819+0000] {logging_mixin.py:137} INFO - [2022-11-29T06:12:25.819+0000] {dag.py:3340} INFO - Setting next_dagrun for ETL_sismos to 2022-11-29T06:11:00+00:00, run_after=2022-11-29T06:12:00+00:00
[2022-11-29T06:12:25.837+0000] {processor.py:176} INFO - Processing /opt/airflow/dags/ETL_sismos.py took 0.519 seconds
[2022-11-29T06:12:56.081+0000] {processor.py:154} INFO - Started process (PID=248) to work on /opt/airflow/dags/ETL_sismos.py
[2022-11-29T06:12:56.082+0000] {processor.py:756} INFO - Processing file /opt/airflow/dags/ETL_sismos.py for tasks to queue
[2022-11-29T06:12:56.083+0000] {logging_mixin.py:137} INFO - [2022-11-29T06:12:56.082+0000] {dagbag.py:537} INFO - Filling up the DagBag from /opt/airflow/dags/ETL_sismos.py
[2022-11-29T06:12:56.587+0000] {processor.py:766} INFO - DAG(s) dict_keys(['ETL_sismos']) retrieved from /opt/airflow/dags/ETL_sismos.py
[2022-11-29T06:12:56.615+0000] {logging_mixin.py:137} INFO - [2022-11-29T06:12:56.614+0000] {dag.py:2585} INFO - Sync 1 DAGs
[2022-11-29T06:12:56.640+0000] {logging_mixin.py:137} INFO - [2022-11-29T06:12:56.640+0000] {dag.py:3340} INFO - Setting next_dagrun for ETL_sismos to 2022-11-29T06:11:00+00:00, run_after=2022-11-29T06:12:00+00:00
[2022-11-29T06:12:56.660+0000] {processor.py:176} INFO - Processing /opt/airflow/dags/ETL_sismos.py took 0.581 seconds
[2022-11-29T06:13:26.834+0000] {processor.py:154} INFO - Started process (PID=306) to work on /opt/airflow/dags/ETL_sismos.py
[2022-11-29T06:13:26.835+0000] {processor.py:756} INFO - Processing file /opt/airflow/dags/ETL_sismos.py for tasks to queue
[2022-11-29T06:13:26.836+0000] {logging_mixin.py:137} INFO - [2022-11-29T06:13:26.836+0000] {dagbag.py:537} INFO - Filling up the DagBag from /opt/airflow/dags/ETL_sismos.py
[2022-11-29T06:13:27.258+0000] {processor.py:766} INFO - DAG(s) dict_keys(['ETL_sismos']) retrieved from /opt/airflow/dags/ETL_sismos.py
[2022-11-29T06:13:27.288+0000] {logging_mixin.py:137} INFO - [2022-11-29T06:13:27.287+0000] {dag.py:2585} INFO - Sync 1 DAGs
[2022-11-29T06:13:27.312+0000] {logging_mixin.py:137} INFO - [2022-11-29T06:13:27.312+0000] {dag.py:3340} INFO - Setting next_dagrun for ETL_sismos to 2022-11-29T06:12:00+00:00, run_after=2022-11-29T06:13:00+00:00
[2022-11-29T06:13:27.329+0000] {processor.py:176} INFO - Processing /opt/airflow/dags/ETL_sismos.py took 0.496 seconds
[2022-11-29T06:13:57.468+0000] {processor.py:154} INFO - Started process (PID=372) to work on /opt/airflow/dags/ETL_sismos.py
[2022-11-29T06:13:57.469+0000] {processor.py:756} INFO - Processing file /opt/airflow/dags/ETL_sismos.py for tasks to queue
[2022-11-29T06:13:57.470+0000] {logging_mixin.py:137} INFO - [2022-11-29T06:13:57.470+0000] {dagbag.py:537} INFO - Filling up the DagBag from /opt/airflow/dags/ETL_sismos.py
[2022-11-29T06:13:57.902+0000] {processor.py:766} INFO - DAG(s) dict_keys(['ETL_sismos']) retrieved from /opt/airflow/dags/ETL_sismos.py
[2022-11-29T06:13:57.930+0000] {logging_mixin.py:137} INFO - [2022-11-29T06:13:57.929+0000] {dag.py:2585} INFO - Sync 1 DAGs
[2022-11-29T06:13:57.956+0000] {logging_mixin.py:137} INFO - [2022-11-29T06:13:57.956+0000] {dag.py:3340} INFO - Setting next_dagrun for ETL_sismos to 2022-11-29T06:12:00+00:00, run_after=2022-11-29T06:13:00+00:00
[2022-11-29T06:13:57.972+0000] {processor.py:176} INFO - Processing /opt/airflow/dags/ETL_sismos.py took 0.506 seconds
[2022-11-29T06:14:28.069+0000] {processor.py:154} INFO - Started process (PID=438) to work on /opt/airflow/dags/ETL_sismos.py
[2022-11-29T06:14:28.070+0000] {processor.py:756} INFO - Processing file /opt/airflow/dags/ETL_sismos.py for tasks to queue
[2022-11-29T06:14:28.070+0000] {logging_mixin.py:137} INFO - [2022-11-29T06:14:28.070+0000] {dagbag.py:537} INFO - Filling up the DagBag from /opt/airflow/dags/ETL_sismos.py
[2022-11-29T06:14:28.496+0000] {processor.py:766} INFO - DAG(s) dict_keys(['ETL_sismos']) retrieved from /opt/airflow/dags/ETL_sismos.py
[2022-11-29T06:14:28.524+0000] {logging_mixin.py:137} INFO - [2022-11-29T06:14:28.523+0000] {dag.py:2585} INFO - Sync 1 DAGs
[2022-11-29T06:14:28.549+0000] {logging_mixin.py:137} INFO - [2022-11-29T06:14:28.549+0000] {dag.py:3340} INFO - Setting next_dagrun for ETL_sismos to 2022-11-29T06:13:00+00:00, run_after=2022-11-29T06:14:00+00:00
[2022-11-29T06:14:28.565+0000] {processor.py:176} INFO - Processing /opt/airflow/dags/ETL_sismos.py took 0.499 seconds
[2022-11-29T06:14:58.897+0000] {processor.py:154} INFO - Started process (PID=504) to work on /opt/airflow/dags/ETL_sismos.py
[2022-11-29T06:14:58.898+0000] {processor.py:756} INFO - Processing file /opt/airflow/dags/ETL_sismos.py for tasks to queue
[2022-11-29T06:14:58.899+0000] {logging_mixin.py:137} INFO - [2022-11-29T06:14:58.899+0000] {dagbag.py:537} INFO - Filling up the DagBag from /opt/airflow/dags/ETL_sismos.py
[2022-11-29T06:14:59.359+0000] {processor.py:766} INFO - DAG(s) dict_keys(['ETL_sismos']) retrieved from /opt/airflow/dags/ETL_sismos.py
[2022-11-29T06:14:59.389+0000] {logging_mixin.py:137} INFO - [2022-11-29T06:14:59.389+0000] {dag.py:2585} INFO - Sync 1 DAGs
[2022-11-29T06:14:59.413+0000] {logging_mixin.py:137} INFO - [2022-11-29T06:14:59.413+0000] {dag.py:3340} INFO - Setting next_dagrun for ETL_sismos to 2022-11-29T06:13:00+00:00, run_after=2022-11-29T06:14:00+00:00
[2022-11-29T06:14:59.429+0000] {processor.py:176} INFO - Processing /opt/airflow/dags/ETL_sismos.py took 0.534 seconds
[2022-11-29T06:15:29.463+0000] {processor.py:154} INFO - Started process (PID=563) to work on /opt/airflow/dags/ETL_sismos.py
[2022-11-29T06:15:29.463+0000] {processor.py:756} INFO - Processing file /opt/airflow/dags/ETL_sismos.py for tasks to queue
[2022-11-29T06:15:29.464+0000] {logging_mixin.py:137} INFO - [2022-11-29T06:15:29.464+0000] {dagbag.py:537} INFO - Filling up the DagBag from /opt/airflow/dags/ETL_sismos.py
[2022-11-29T06:15:29.911+0000] {processor.py:766} INFO - DAG(s) dict_keys(['ETL_sismos']) retrieved from /opt/airflow/dags/ETL_sismos.py
[2022-11-29T06:15:29.940+0000] {logging_mixin.py:137} INFO - [2022-11-29T06:15:29.940+0000] {dag.py:2585} INFO - Sync 1 DAGs
[2022-11-29T06:15:29.978+0000] {logging_mixin.py:137} INFO - [2022-11-29T06:15:29.978+0000] {dag.py:3340} INFO - Setting next_dagrun for ETL_sismos to 2022-11-29T06:14:00+00:00, run_after=2022-11-29T06:15:00+00:00
[2022-11-29T06:15:29.999+0000] {processor.py:176} INFO - Processing /opt/airflow/dags/ETL_sismos.py took 0.539 seconds
[2022-11-29T06:16:00.152+0000] {processor.py:154} INFO - Started process (PID=631) to work on /opt/airflow/dags/ETL_sismos.py
[2022-11-29T06:16:00.153+0000] {processor.py:756} INFO - Processing file /opt/airflow/dags/ETL_sismos.py for tasks to queue
[2022-11-29T06:16:00.153+0000] {logging_mixin.py:137} INFO - [2022-11-29T06:16:00.153+0000] {dagbag.py:537} INFO - Filling up the DagBag from /opt/airflow/dags/ETL_sismos.py
[2022-11-29T06:16:00.581+0000] {processor.py:766} INFO - DAG(s) dict_keys(['ETL_sismos']) retrieved from /opt/airflow/dags/ETL_sismos.py
[2022-11-29T06:16:00.610+0000] {logging_mixin.py:137} INFO - [2022-11-29T06:16:00.609+0000] {dag.py:2585} INFO - Sync 1 DAGs
[2022-11-29T06:16:00.633+0000] {logging_mixin.py:137} INFO - [2022-11-29T06:16:00.633+0000] {dag.py:3340} INFO - Setting next_dagrun for ETL_sismos to 2022-11-29T06:15:00+00:00, run_after=2022-11-29T06:16:00+00:00
[2022-11-29T06:16:00.650+0000] {processor.py:176} INFO - Processing /opt/airflow/dags/ETL_sismos.py took 0.500 seconds
[2022-11-29T06:16:30.899+0000] {processor.py:154} INFO - Started process (PID=698) to work on /opt/airflow/dags/ETL_sismos.py
[2022-11-29T06:16:30.900+0000] {processor.py:756} INFO - Processing file /opt/airflow/dags/ETL_sismos.py for tasks to queue
[2022-11-29T06:16:30.901+0000] {logging_mixin.py:137} INFO - [2022-11-29T06:16:30.901+0000] {dagbag.py:537} INFO - Filling up the DagBag from /opt/airflow/dags/ETL_sismos.py
[2022-11-29T06:16:31.349+0000] {processor.py:766} INFO - DAG(s) dict_keys(['ETL_sismos']) retrieved from /opt/airflow/dags/ETL_sismos.py
[2022-11-29T06:16:31.376+0000] {logging_mixin.py:137} INFO - [2022-11-29T06:16:31.376+0000] {dag.py:2585} INFO - Sync 1 DAGs
[2022-11-29T06:16:31.400+0000] {logging_mixin.py:137} INFO - [2022-11-29T06:16:31.400+0000] {dag.py:3340} INFO - Setting next_dagrun for ETL_sismos to 2022-11-29T06:15:00+00:00, run_after=2022-11-29T06:16:00+00:00
[2022-11-29T06:16:31.417+0000] {processor.py:176} INFO - Processing /opt/airflow/dags/ETL_sismos.py took 0.519 seconds
[2022-11-29T06:17:01.470+0000] {processor.py:154} INFO - Started process (PID=762) to work on /opt/airflow/dags/ETL_sismos.py
[2022-11-29T06:17:01.471+0000] {processor.py:756} INFO - Processing file /opt/airflow/dags/ETL_sismos.py for tasks to queue
[2022-11-29T06:17:01.472+0000] {logging_mixin.py:137} INFO - [2022-11-29T06:17:01.472+0000] {dagbag.py:537} INFO - Filling up the DagBag from /opt/airflow/dags/ETL_sismos.py
[2022-11-29T06:17:01.956+0000] {processor.py:766} INFO - DAG(s) dict_keys(['ETL_sismos']) retrieved from /opt/airflow/dags/ETL_sismos.py
[2022-11-29T06:17:01.992+0000] {logging_mixin.py:137} INFO - [2022-11-29T06:17:01.991+0000] {dag.py:2585} INFO - Sync 1 DAGs
[2022-11-29T06:17:02.020+0000] {logging_mixin.py:137} INFO - [2022-11-29T06:17:02.019+0000] {dag.py:3340} INFO - Setting next_dagrun for ETL_sismos to 2022-11-29T06:16:00+00:00, run_after=2022-11-29T06:17:00+00:00
[2022-11-29T06:17:02.043+0000] {processor.py:176} INFO - Processing /opt/airflow/dags/ETL_sismos.py took 0.576 seconds
[2022-11-29T06:17:32.135+0000] {processor.py:154} INFO - Started process (PID=819) to work on /opt/airflow/dags/ETL_sismos.py
[2022-11-29T06:17:32.136+0000] {processor.py:756} INFO - Processing file /opt/airflow/dags/ETL_sismos.py for tasks to queue
[2022-11-29T06:17:32.136+0000] {logging_mixin.py:137} INFO - [2022-11-29T06:17:32.136+0000] {dagbag.py:537} INFO - Filling up the DagBag from /opt/airflow/dags/ETL_sismos.py
[2022-11-29T06:17:32.552+0000] {processor.py:766} INFO - DAG(s) dict_keys(['ETL_sismos']) retrieved from /opt/airflow/dags/ETL_sismos.py
[2022-11-29T06:17:32.582+0000] {logging_mixin.py:137} INFO - [2022-11-29T06:17:32.582+0000] {dag.py:2585} INFO - Sync 1 DAGs
[2022-11-29T06:17:32.607+0000] {logging_mixin.py:137} INFO - [2022-11-29T06:17:32.606+0000] {dag.py:3340} INFO - Setting next_dagrun for ETL_sismos to 2022-11-29T06:16:00+00:00, run_after=2022-11-29T06:17:00+00:00
[2022-11-29T06:17:32.624+0000] {processor.py:176} INFO - Processing /opt/airflow/dags/ETL_sismos.py took 0.491 seconds
[2022-11-29T06:18:02.788+0000] {processor.py:154} INFO - Started process (PID=886) to work on /opt/airflow/dags/ETL_sismos.py
[2022-11-29T06:18:02.789+0000] {processor.py:756} INFO - Processing file /opt/airflow/dags/ETL_sismos.py for tasks to queue
[2022-11-29T06:18:02.790+0000] {logging_mixin.py:137} INFO - [2022-11-29T06:18:02.790+0000] {dagbag.py:537} INFO - Filling up the DagBag from /opt/airflow/dags/ETL_sismos.py
[2022-11-29T06:18:03.211+0000] {processor.py:766} INFO - DAG(s) dict_keys(['ETL_sismos']) retrieved from /opt/airflow/dags/ETL_sismos.py
[2022-11-29T06:18:03.242+0000] {logging_mixin.py:137} INFO - [2022-11-29T06:18:03.241+0000] {dag.py:2585} INFO - Sync 1 DAGs
[2022-11-29T06:18:03.267+0000] {logging_mixin.py:137} INFO - [2022-11-29T06:18:03.267+0000] {dag.py:3340} INFO - Setting next_dagrun for ETL_sismos to 2022-11-29T06:17:00+00:00, run_after=2022-11-29T06:18:00+00:00
[2022-11-29T06:18:03.285+0000] {processor.py:176} INFO - Processing /opt/airflow/dags/ETL_sismos.py took 0.499 seconds
[2022-11-29T06:18:33.477+0000] {processor.py:154} INFO - Started process (PID=954) to work on /opt/airflow/dags/ETL_sismos.py
[2022-11-29T06:18:33.477+0000] {processor.py:756} INFO - Processing file /opt/airflow/dags/ETL_sismos.py for tasks to queue
[2022-11-29T06:18:33.478+0000] {logging_mixin.py:137} INFO - [2022-11-29T06:18:33.478+0000] {dagbag.py:537} INFO - Filling up the DagBag from /opt/airflow/dags/ETL_sismos.py
[2022-11-29T06:18:33.920+0000] {processor.py:766} INFO - DAG(s) dict_keys(['ETL_sismos']) retrieved from /opt/airflow/dags/ETL_sismos.py
[2022-11-29T06:18:33.948+0000] {logging_mixin.py:137} INFO - [2022-11-29T06:18:33.947+0000] {dag.py:2585} INFO - Sync 1 DAGs
[2022-11-29T06:18:33.976+0000] {logging_mixin.py:137} INFO - [2022-11-29T06:18:33.976+0000] {dag.py:3340} INFO - Setting next_dagrun for ETL_sismos to 2022-11-29T06:17:00+00:00, run_after=2022-11-29T06:18:00+00:00
[2022-11-29T06:18:33.993+0000] {processor.py:176} INFO - Processing /opt/airflow/dags/ETL_sismos.py took 0.519 seconds
[2022-11-29T06:19:04.134+0000] {processor.py:154} INFO - Started process (PID=1013) to work on /opt/airflow/dags/ETL_sismos.py
[2022-11-29T06:19:04.134+0000] {processor.py:756} INFO - Processing file /opt/airflow/dags/ETL_sismos.py for tasks to queue
[2022-11-29T06:19:04.135+0000] {logging_mixin.py:137} INFO - [2022-11-29T06:19:04.135+0000] {dagbag.py:537} INFO - Filling up the DagBag from /opt/airflow/dags/ETL_sismos.py
[2022-11-29T06:19:04.581+0000] {processor.py:766} INFO - DAG(s) dict_keys(['ETL_sismos']) retrieved from /opt/airflow/dags/ETL_sismos.py
[2022-11-29T06:19:04.609+0000] {logging_mixin.py:137} INFO - [2022-11-29T06:19:04.608+0000] {dag.py:2585} INFO - Sync 1 DAGs
[2022-11-29T06:19:04.634+0000] {logging_mixin.py:137} INFO - [2022-11-29T06:19:04.634+0000] {dag.py:3340} INFO - Setting next_dagrun for ETL_sismos to 2022-11-29T06:18:00+00:00, run_after=2022-11-29T06:19:00+00:00
[2022-11-29T06:19:04.651+0000] {processor.py:176} INFO - Processing /opt/airflow/dags/ETL_sismos.py took 0.520 seconds
[2022-11-29T06:19:34.678+0000] {processor.py:154} INFO - Started process (PID=1081) to work on /opt/airflow/dags/ETL_sismos.py
[2022-11-29T06:19:34.678+0000] {processor.py:756} INFO - Processing file /opt/airflow/dags/ETL_sismos.py for tasks to queue
[2022-11-29T06:19:34.679+0000] {logging_mixin.py:137} INFO - [2022-11-29T06:19:34.679+0000] {dagbag.py:537} INFO - Filling up the DagBag from /opt/airflow/dags/ETL_sismos.py
[2022-11-29T06:19:35.086+0000] {processor.py:766} INFO - DAG(s) dict_keys(['ETL_sismos']) retrieved from /opt/airflow/dags/ETL_sismos.py
[2022-11-29T06:19:35.115+0000] {logging_mixin.py:137} INFO - [2022-11-29T06:19:35.115+0000] {dag.py:2585} INFO - Sync 1 DAGs
[2022-11-29T06:19:35.139+0000] {logging_mixin.py:137} INFO - [2022-11-29T06:19:35.139+0000] {dag.py:3340} INFO - Setting next_dagrun for ETL_sismos to 2022-11-29T06:18:00+00:00, run_after=2022-11-29T06:19:00+00:00
[2022-11-29T06:19:35.154+0000] {processor.py:176} INFO - Processing /opt/airflow/dags/ETL_sismos.py took 0.478 seconds
[2022-11-29T06:20:05.216+0000] {processor.py:154} INFO - Started process (PID=1146) to work on /opt/airflow/dags/ETL_sismos.py
[2022-11-29T06:20:05.217+0000] {processor.py:756} INFO - Processing file /opt/airflow/dags/ETL_sismos.py for tasks to queue
[2022-11-29T06:20:05.217+0000] {logging_mixin.py:137} INFO - [2022-11-29T06:20:05.217+0000] {dagbag.py:537} INFO - Filling up the DagBag from /opt/airflow/dags/ETL_sismos.py
[2022-11-29T06:20:05.636+0000] {processor.py:766} INFO - DAG(s) dict_keys(['ETL_sismos']) retrieved from /opt/airflow/dags/ETL_sismos.py
[2022-11-29T06:20:05.663+0000] {logging_mixin.py:137} INFO - [2022-11-29T06:20:05.663+0000] {dag.py:2585} INFO - Sync 1 DAGs
[2022-11-29T06:20:05.687+0000] {logging_mixin.py:137} INFO - [2022-11-29T06:20:05.686+0000] {dag.py:3340} INFO - Setting next_dagrun for ETL_sismos to 2022-11-29T06:19:00+00:00, run_after=2022-11-29T06:20:00+00:00
[2022-11-29T06:20:05.704+0000] {processor.py:176} INFO - Processing /opt/airflow/dags/ETL_sismos.py took 0.490 seconds
[2022-11-29T06:20:36.631+0000] {processor.py:154} INFO - Started process (PID=1211) to work on /opt/airflow/dags/ETL_sismos.py
[2022-11-29T06:20:36.631+0000] {processor.py:756} INFO - Processing file /opt/airflow/dags/ETL_sismos.py for tasks to queue
[2022-11-29T06:20:36.632+0000] {logging_mixin.py:137} INFO - [2022-11-29T06:20:36.632+0000] {dagbag.py:537} INFO - Filling up the DagBag from /opt/airflow/dags/ETL_sismos.py
[2022-11-29T06:20:37.047+0000] {processor.py:766} INFO - DAG(s) dict_keys(['ETL_sismos']) retrieved from /opt/airflow/dags/ETL_sismos.py
[2022-11-29T06:20:37.074+0000] {logging_mixin.py:137} INFO - [2022-11-29T06:20:37.074+0000] {dag.py:2585} INFO - Sync 1 DAGs
[2022-11-29T06:20:37.101+0000] {logging_mixin.py:137} INFO - [2022-11-29T06:20:37.101+0000] {dag.py:3340} INFO - Setting next_dagrun for ETL_sismos to 2022-11-29T06:19:00+00:00, run_after=2022-11-29T06:20:00+00:00
[2022-11-29T06:20:37.117+0000] {processor.py:176} INFO - Processing /opt/airflow/dags/ETL_sismos.py took 0.488 seconds
[2022-11-29T06:21:07.205+0000] {processor.py:154} INFO - Started process (PID=1267) to work on /opt/airflow/dags/ETL_sismos.py
[2022-11-29T06:21:07.206+0000] {processor.py:756} INFO - Processing file /opt/airflow/dags/ETL_sismos.py for tasks to queue
[2022-11-29T06:21:07.206+0000] {logging_mixin.py:137} INFO - [2022-11-29T06:21:07.206+0000] {dagbag.py:537} INFO - Filling up the DagBag from /opt/airflow/dags/ETL_sismos.py
[2022-11-29T06:21:07.643+0000] {processor.py:766} INFO - DAG(s) dict_keys(['ETL_sismos']) retrieved from /opt/airflow/dags/ETL_sismos.py
[2022-11-29T06:21:07.672+0000] {logging_mixin.py:137} INFO - [2022-11-29T06:21:07.671+0000] {dag.py:2585} INFO - Sync 1 DAGs
[2022-11-29T06:21:07.697+0000] {logging_mixin.py:137} INFO - [2022-11-29T06:21:07.697+0000] {dag.py:3340} INFO - Setting next_dagrun for ETL_sismos to 2022-11-29T06:20:00+00:00, run_after=2022-11-29T06:21:00+00:00
[2022-11-29T06:21:07.713+0000] {processor.py:176} INFO - Processing /opt/airflow/dags/ETL_sismos.py took 0.510 seconds
[2022-11-29T06:21:37.879+0000] {processor.py:154} INFO - Started process (PID=1332) to work on /opt/airflow/dags/ETL_sismos.py
[2022-11-29T06:21:37.880+0000] {processor.py:756} INFO - Processing file /opt/airflow/dags/ETL_sismos.py for tasks to queue
[2022-11-29T06:21:37.880+0000] {logging_mixin.py:137} INFO - [2022-11-29T06:21:37.880+0000] {dagbag.py:537} INFO - Filling up the DagBag from /opt/airflow/dags/ETL_sismos.py
[2022-11-29T06:21:38.310+0000] {processor.py:766} INFO - DAG(s) dict_keys(['ETL_sismos']) retrieved from /opt/airflow/dags/ETL_sismos.py
[2022-11-29T06:21:38.338+0000] {logging_mixin.py:137} INFO - [2022-11-29T06:21:38.337+0000] {dag.py:2585} INFO - Sync 1 DAGs
[2022-11-29T06:21:38.367+0000] {logging_mixin.py:137} INFO - [2022-11-29T06:21:38.367+0000] {dag.py:3340} INFO - Setting next_dagrun for ETL_sismos to 2022-11-29T06:20:00+00:00, run_after=2022-11-29T06:21:00+00:00
[2022-11-29T06:21:38.384+0000] {processor.py:176} INFO - Processing /opt/airflow/dags/ETL_sismos.py took 0.507 seconds
[2022-11-29T06:22:08.445+0000] {processor.py:154} INFO - Started process (PID=1397) to work on /opt/airflow/dags/ETL_sismos.py
[2022-11-29T06:22:08.446+0000] {processor.py:756} INFO - Processing file /opt/airflow/dags/ETL_sismos.py for tasks to queue
[2022-11-29T06:22:08.446+0000] {logging_mixin.py:137} INFO - [2022-11-29T06:22:08.446+0000] {dagbag.py:537} INFO - Filling up the DagBag from /opt/airflow/dags/ETL_sismos.py
[2022-11-29T06:22:08.892+0000] {processor.py:766} INFO - DAG(s) dict_keys(['ETL_sismos']) retrieved from /opt/airflow/dags/ETL_sismos.py
[2022-11-29T06:22:08.921+0000] {logging_mixin.py:137} INFO - [2022-11-29T06:22:08.921+0000] {dag.py:2585} INFO - Sync 1 DAGs
[2022-11-29T06:22:08.949+0000] {logging_mixin.py:137} INFO - [2022-11-29T06:22:08.949+0000] {dag.py:3340} INFO - Setting next_dagrun for ETL_sismos to 2022-11-29T06:21:00+00:00, run_after=2022-11-29T06:22:00+00:00
[2022-11-29T06:22:08.967+0000] {processor.py:176} INFO - Processing /opt/airflow/dags/ETL_sismos.py took 0.524 seconds
[2022-11-29T06:22:39.066+0000] {processor.py:154} INFO - Started process (PID=1462) to work on /opt/airflow/dags/ETL_sismos.py
[2022-11-29T06:22:39.067+0000] {processor.py:756} INFO - Processing file /opt/airflow/dags/ETL_sismos.py for tasks to queue
[2022-11-29T06:22:39.067+0000] {logging_mixin.py:137} INFO - [2022-11-29T06:22:39.067+0000] {dagbag.py:537} INFO - Filling up the DagBag from /opt/airflow/dags/ETL_sismos.py
[2022-11-29T06:22:39.498+0000] {processor.py:766} INFO - DAG(s) dict_keys(['ETL_sismos']) retrieved from /opt/airflow/dags/ETL_sismos.py
[2022-11-29T06:22:39.528+0000] {logging_mixin.py:137} INFO - [2022-11-29T06:22:39.527+0000] {dag.py:2585} INFO - Sync 1 DAGs
[2022-11-29T06:22:39.551+0000] {logging_mixin.py:137} INFO - [2022-11-29T06:22:39.551+0000] {dag.py:3340} INFO - Setting next_dagrun for ETL_sismos to 2022-11-29T06:21:00+00:00, run_after=2022-11-29T06:22:00+00:00
[2022-11-29T06:22:39.568+0000] {processor.py:176} INFO - Processing /opt/airflow/dags/ETL_sismos.py took 0.505 seconds
[2022-11-29T06:23:09.612+0000] {processor.py:154} INFO - Started process (PID=1518) to work on /opt/airflow/dags/ETL_sismos.py
[2022-11-29T06:23:09.612+0000] {processor.py:756} INFO - Processing file /opt/airflow/dags/ETL_sismos.py for tasks to queue
[2022-11-29T06:23:09.613+0000] {logging_mixin.py:137} INFO - [2022-11-29T06:23:09.613+0000] {dagbag.py:537} INFO - Filling up the DagBag from /opt/airflow/dags/ETL_sismos.py
[2022-11-29T06:23:10.056+0000] {processor.py:766} INFO - DAG(s) dict_keys(['ETL_sismos']) retrieved from /opt/airflow/dags/ETL_sismos.py
[2022-11-29T06:23:10.089+0000] {logging_mixin.py:137} INFO - [2022-11-29T06:23:10.087+0000] {dag.py:2585} INFO - Sync 1 DAGs
[2022-11-29T06:23:10.112+0000] {logging_mixin.py:137} INFO - [2022-11-29T06:23:10.112+0000] {dag.py:3340} INFO - Setting next_dagrun for ETL_sismos to 2022-11-29T06:22:00+00:00, run_after=2022-11-29T06:23:00+00:00
[2022-11-29T06:23:10.130+0000] {processor.py:176} INFO - Processing /opt/airflow/dags/ETL_sismos.py took 0.520 seconds
[2022-11-29T06:23:40.448+0000] {processor.py:154} INFO - Started process (PID=1583) to work on /opt/airflow/dags/ETL_sismos.py
[2022-11-29T06:23:40.449+0000] {processor.py:756} INFO - Processing file /opt/airflow/dags/ETL_sismos.py for tasks to queue
[2022-11-29T06:23:40.450+0000] {logging_mixin.py:137} INFO - [2022-11-29T06:23:40.450+0000] {dagbag.py:537} INFO - Filling up the DagBag from /opt/airflow/dags/ETL_sismos.py
[2022-11-29T06:23:40.890+0000] {processor.py:766} INFO - DAG(s) dict_keys(['ETL_sismos']) retrieved from /opt/airflow/dags/ETL_sismos.py
[2022-11-29T06:23:40.919+0000] {logging_mixin.py:137} INFO - [2022-11-29T06:23:40.918+0000] {dag.py:2585} INFO - Sync 1 DAGs
[2022-11-29T06:23:40.941+0000] {logging_mixin.py:137} INFO - [2022-11-29T06:23:40.941+0000] {dag.py:3340} INFO - Setting next_dagrun for ETL_sismos to 2022-11-29T06:22:00+00:00, run_after=2022-11-29T06:23:00+00:00
[2022-11-29T06:23:40.957+0000] {processor.py:176} INFO - Processing /opt/airflow/dags/ETL_sismos.py took 0.512 seconds
[2022-11-29T06:24:11.085+0000] {processor.py:154} INFO - Started process (PID=1648) to work on /opt/airflow/dags/ETL_sismos.py
[2022-11-29T06:24:11.086+0000] {processor.py:756} INFO - Processing file /opt/airflow/dags/ETL_sismos.py for tasks to queue
[2022-11-29T06:24:11.086+0000] {logging_mixin.py:137} INFO - [2022-11-29T06:24:11.086+0000] {dagbag.py:537} INFO - Filling up the DagBag from /opt/airflow/dags/ETL_sismos.py
[2022-11-29T06:24:11.526+0000] {processor.py:766} INFO - DAG(s) dict_keys(['ETL_sismos']) retrieved from /opt/airflow/dags/ETL_sismos.py
[2022-11-29T06:24:11.556+0000] {logging_mixin.py:137} INFO - [2022-11-29T06:24:11.555+0000] {dag.py:2585} INFO - Sync 1 DAGs
[2022-11-29T06:24:11.580+0000] {logging_mixin.py:137} INFO - [2022-11-29T06:24:11.580+0000] {dag.py:3340} INFO - Setting next_dagrun for ETL_sismos to 2022-11-29T06:23:00+00:00, run_after=2022-11-29T06:24:00+00:00
[2022-11-29T06:24:11.597+0000] {processor.py:176} INFO - Processing /opt/airflow/dags/ETL_sismos.py took 0.515 seconds
[2022-11-29T06:24:41.866+0000] {processor.py:154} INFO - Started process (PID=1714) to work on /opt/airflow/dags/ETL_sismos.py
[2022-11-29T06:24:41.867+0000] {processor.py:756} INFO - Processing file /opt/airflow/dags/ETL_sismos.py for tasks to queue
[2022-11-29T06:24:41.868+0000] {logging_mixin.py:137} INFO - [2022-11-29T06:24:41.867+0000] {dagbag.py:537} INFO - Filling up the DagBag from /opt/airflow/dags/ETL_sismos.py
[2022-11-29T06:24:42.343+0000] {processor.py:766} INFO - DAG(s) dict_keys(['ETL_sismos']) retrieved from /opt/airflow/dags/ETL_sismos.py
[2022-11-29T06:24:42.373+0000] {logging_mixin.py:137} INFO - [2022-11-29T06:24:42.372+0000] {dag.py:2585} INFO - Sync 1 DAGs
[2022-11-29T06:24:42.401+0000] {logging_mixin.py:137} INFO - [2022-11-29T06:24:42.401+0000] {dag.py:3340} INFO - Setting next_dagrun for ETL_sismos to 2022-11-29T06:23:00+00:00, run_after=2022-11-29T06:24:00+00:00
[2022-11-29T06:24:42.419+0000] {processor.py:176} INFO - Processing /opt/airflow/dags/ETL_sismos.py took 0.554 seconds
[2022-11-29T06:25:12.620+0000] {processor.py:154} INFO - Started process (PID=1770) to work on /opt/airflow/dags/ETL_sismos.py
[2022-11-29T06:25:12.621+0000] {processor.py:756} INFO - Processing file /opt/airflow/dags/ETL_sismos.py for tasks to queue
[2022-11-29T06:25:12.621+0000] {logging_mixin.py:137} INFO - [2022-11-29T06:25:12.621+0000] {dagbag.py:537} INFO - Filling up the DagBag from /opt/airflow/dags/ETL_sismos.py
[2022-11-29T06:25:13.054+0000] {processor.py:766} INFO - DAG(s) dict_keys(['ETL_sismos']) retrieved from /opt/airflow/dags/ETL_sismos.py
[2022-11-29T06:25:13.083+0000] {logging_mixin.py:137} INFO - [2022-11-29T06:25:13.081+0000] {dag.py:2585} INFO - Sync 1 DAGs
[2022-11-29T06:25:13.108+0000] {logging_mixin.py:137} INFO - [2022-11-29T06:25:13.108+0000] {dag.py:3340} INFO - Setting next_dagrun for ETL_sismos to 2022-11-29T06:24:00+00:00, run_after=2022-11-29T06:25:00+00:00
[2022-11-29T06:25:13.125+0000] {processor.py:176} INFO - Processing /opt/airflow/dags/ETL_sismos.py took 0.508 seconds
[2022-11-29T06:25:43.150+0000] {processor.py:154} INFO - Started process (PID=1836) to work on /opt/airflow/dags/ETL_sismos.py
[2022-11-29T06:25:43.151+0000] {processor.py:756} INFO - Processing file /opt/airflow/dags/ETL_sismos.py for tasks to queue
[2022-11-29T06:25:43.151+0000] {logging_mixin.py:137} INFO - [2022-11-29T06:25:43.151+0000] {dagbag.py:537} INFO - Filling up the DagBag from /opt/airflow/dags/ETL_sismos.py
[2022-11-29T06:25:43.589+0000] {processor.py:766} INFO - DAG(s) dict_keys(['ETL_sismos']) retrieved from /opt/airflow/dags/ETL_sismos.py
[2022-11-29T06:25:43.621+0000] {logging_mixin.py:137} INFO - [2022-11-29T06:25:43.620+0000] {dag.py:2585} INFO - Sync 1 DAGs
[2022-11-29T06:25:43.645+0000] {logging_mixin.py:137} INFO - [2022-11-29T06:25:43.645+0000] {dag.py:3340} INFO - Setting next_dagrun for ETL_sismos to 2022-11-29T06:24:00+00:00, run_after=2022-11-29T06:25:00+00:00
[2022-11-29T06:25:43.663+0000] {processor.py:176} INFO - Processing /opt/airflow/dags/ETL_sismos.py took 0.515 seconds
[2022-11-29T06:26:14.121+0000] {processor.py:154} INFO - Started process (PID=1901) to work on /opt/airflow/dags/ETL_sismos.py
[2022-11-29T06:26:14.122+0000] {processor.py:756} INFO - Processing file /opt/airflow/dags/ETL_sismos.py for tasks to queue
[2022-11-29T06:26:14.123+0000] {logging_mixin.py:137} INFO - [2022-11-29T06:26:14.123+0000] {dagbag.py:537} INFO - Filling up the DagBag from /opt/airflow/dags/ETL_sismos.py
[2022-11-29T06:26:14.551+0000] {processor.py:766} INFO - DAG(s) dict_keys(['ETL_sismos']) retrieved from /opt/airflow/dags/ETL_sismos.py
[2022-11-29T06:26:14.579+0000] {logging_mixin.py:137} INFO - [2022-11-29T06:26:14.578+0000] {dag.py:2585} INFO - Sync 1 DAGs
[2022-11-29T06:26:14.602+0000] {logging_mixin.py:137} INFO - [2022-11-29T06:26:14.602+0000] {dag.py:3340} INFO - Setting next_dagrun for ETL_sismos to 2022-11-29T06:25:00+00:00, run_after=2022-11-29T06:26:00+00:00
[2022-11-29T06:26:14.619+0000] {processor.py:176} INFO - Processing /opt/airflow/dags/ETL_sismos.py took 0.500 seconds
[2022-11-29T06:26:44.657+0000] {processor.py:154} INFO - Started process (PID=1958) to work on /opt/airflow/dags/ETL_sismos.py
[2022-11-29T06:26:44.658+0000] {processor.py:756} INFO - Processing file /opt/airflow/dags/ETL_sismos.py for tasks to queue
[2022-11-29T06:26:44.659+0000] {logging_mixin.py:137} INFO - [2022-11-29T06:26:44.659+0000] {dagbag.py:537} INFO - Filling up the DagBag from /opt/airflow/dags/ETL_sismos.py
[2022-11-29T06:26:45.130+0000] {processor.py:766} INFO - DAG(s) dict_keys(['ETL_sismos']) retrieved from /opt/airflow/dags/ETL_sismos.py
[2022-11-29T06:26:45.161+0000] {logging_mixin.py:137} INFO - [2022-11-29T06:26:45.161+0000] {dag.py:2585} INFO - Sync 1 DAGs
[2022-11-29T06:26:45.190+0000] {logging_mixin.py:137} INFO - [2022-11-29T06:26:45.190+0000] {dag.py:3340} INFO - Setting next_dagrun for ETL_sismos to 2022-11-29T06:25:00+00:00, run_after=2022-11-29T06:26:00+00:00
[2022-11-29T06:26:45.207+0000] {processor.py:176} INFO - Processing /opt/airflow/dags/ETL_sismos.py took 0.552 seconds
[2022-11-29T06:27:15.432+0000] {processor.py:154} INFO - Started process (PID=2024) to work on /opt/airflow/dags/ETL_sismos.py
[2022-11-29T06:27:15.433+0000] {processor.py:756} INFO - Processing file /opt/airflow/dags/ETL_sismos.py for tasks to queue
[2022-11-29T06:27:15.434+0000] {logging_mixin.py:137} INFO - [2022-11-29T06:27:15.434+0000] {dagbag.py:537} INFO - Filling up the DagBag from /opt/airflow/dags/ETL_sismos.py
[2022-11-29T06:27:15.846+0000] {processor.py:766} INFO - DAG(s) dict_keys(['ETL_sismos']) retrieved from /opt/airflow/dags/ETL_sismos.py
[2022-11-29T06:27:15.873+0000] {logging_mixin.py:137} INFO - [2022-11-29T06:27:15.873+0000] {dag.py:2585} INFO - Sync 1 DAGs
[2022-11-29T06:27:15.896+0000] {logging_mixin.py:137} INFO - [2022-11-29T06:27:15.896+0000] {dag.py:3340} INFO - Setting next_dagrun for ETL_sismos to 2022-11-29T06:26:00+00:00, run_after=2022-11-29T06:27:00+00:00
[2022-11-29T06:27:15.911+0000] {processor.py:176} INFO - Processing /opt/airflow/dags/ETL_sismos.py took 0.481 seconds
[2022-11-29T06:27:45.997+0000] {processor.py:154} INFO - Started process (PID=2091) to work on /opt/airflow/dags/ETL_sismos.py
[2022-11-29T06:27:45.998+0000] {processor.py:756} INFO - Processing file /opt/airflow/dags/ETL_sismos.py for tasks to queue
[2022-11-29T06:27:45.998+0000] {logging_mixin.py:137} INFO - [2022-11-29T06:27:45.998+0000] {dagbag.py:537} INFO - Filling up the DagBag from /opt/airflow/dags/ETL_sismos.py
[2022-11-29T06:27:46.456+0000] {processor.py:766} INFO - DAG(s) dict_keys(['ETL_sismos']) retrieved from /opt/airflow/dags/ETL_sismos.py
[2022-11-29T06:27:46.485+0000] {logging_mixin.py:137} INFO - [2022-11-29T06:27:46.484+0000] {dag.py:2585} INFO - Sync 1 DAGs
[2022-11-29T06:27:46.508+0000] {logging_mixin.py:137} INFO - [2022-11-29T06:27:46.508+0000] {dag.py:3340} INFO - Setting next_dagrun for ETL_sismos to 2022-11-29T06:26:00+00:00, run_after=2022-11-29T06:27:00+00:00
[2022-11-29T06:27:46.525+0000] {processor.py:176} INFO - Processing /opt/airflow/dags/ETL_sismos.py took 0.531 seconds
[2022-11-29T06:28:17.510+0000] {processor.py:154} INFO - Started process (PID=2157) to work on /opt/airflow/dags/ETL_sismos.py
[2022-11-29T06:28:17.510+0000] {processor.py:756} INFO - Processing file /opt/airflow/dags/ETL_sismos.py for tasks to queue
[2022-11-29T06:28:17.511+0000] {logging_mixin.py:137} INFO - [2022-11-29T06:28:17.511+0000] {dagbag.py:537} INFO - Filling up the DagBag from /opt/airflow/dags/ETL_sismos.py
[2022-11-29T06:28:17.922+0000] {processor.py:766} INFO - DAG(s) dict_keys(['ETL_sismos']) retrieved from /opt/airflow/dags/ETL_sismos.py
[2022-11-29T06:28:17.948+0000] {logging_mixin.py:137} INFO - [2022-11-29T06:28:17.948+0000] {dag.py:2585} INFO - Sync 1 DAGs
[2022-11-29T06:28:17.972+0000] {logging_mixin.py:137} INFO - [2022-11-29T06:28:17.972+0000] {dag.py:3340} INFO - Setting next_dagrun for ETL_sismos to 2022-11-29T06:27:00+00:00, run_after=2022-11-29T06:28:00+00:00
[2022-11-29T06:28:17.988+0000] {processor.py:176} INFO - Processing /opt/airflow/dags/ETL_sismos.py took 0.481 seconds
[2022-11-29T06:28:48.983+0000] {processor.py:154} INFO - Started process (PID=2222) to work on /opt/airflow/dags/ETL_sismos.py
[2022-11-29T06:28:48.983+0000] {processor.py:756} INFO - Processing file /opt/airflow/dags/ETL_sismos.py for tasks to queue
[2022-11-29T06:28:48.984+0000] {logging_mixin.py:137} INFO - [2022-11-29T06:28:48.984+0000] {dagbag.py:537} INFO - Filling up the DagBag from /opt/airflow/dags/ETL_sismos.py
[2022-11-29T06:28:49.458+0000] {processor.py:766} INFO - DAG(s) dict_keys(['ETL_sismos']) retrieved from /opt/airflow/dags/ETL_sismos.py
[2022-11-29T06:28:49.488+0000] {logging_mixin.py:137} INFO - [2022-11-29T06:28:49.488+0000] {dag.py:2585} INFO - Sync 1 DAGs
[2022-11-29T06:28:49.514+0000] {logging_mixin.py:137} INFO - [2022-11-29T06:28:49.514+0000] {dag.py:3340} INFO - Setting next_dagrun for ETL_sismos to 2022-11-29T06:27:00+00:00, run_after=2022-11-29T06:28:00+00:00
[2022-11-29T06:28:49.533+0000] {processor.py:176} INFO - Processing /opt/airflow/dags/ETL_sismos.py took 0.552 seconds
[2022-11-29T06:29:20.304+0000] {processor.py:154} INFO - Started process (PID=2278) to work on /opt/airflow/dags/ETL_sismos.py
[2022-11-29T06:29:20.305+0000] {processor.py:756} INFO - Processing file /opt/airflow/dags/ETL_sismos.py for tasks to queue
[2022-11-29T06:29:20.306+0000] {logging_mixin.py:137} INFO - [2022-11-29T06:29:20.306+0000] {dagbag.py:537} INFO - Filling up the DagBag from /opt/airflow/dags/ETL_sismos.py
[2022-11-29T06:29:20.715+0000] {processor.py:766} INFO - DAG(s) dict_keys(['ETL_sismos']) retrieved from /opt/airflow/dags/ETL_sismos.py
[2022-11-29T06:29:20.744+0000] {logging_mixin.py:137} INFO - [2022-11-29T06:29:20.743+0000] {dag.py:2585} INFO - Sync 1 DAGs
[2022-11-29T06:29:20.767+0000] {logging_mixin.py:137} INFO - [2022-11-29T06:29:20.767+0000] {dag.py:3340} INFO - Setting next_dagrun for ETL_sismos to 2022-11-29T06:28:00+00:00, run_after=2022-11-29T06:29:00+00:00
[2022-11-29T06:29:20.783+0000] {processor.py:176} INFO - Processing /opt/airflow/dags/ETL_sismos.py took 0.480 seconds
[2022-11-29T06:29:51.251+0000] {processor.py:154} INFO - Started process (PID=2343) to work on /opt/airflow/dags/ETL_sismos.py
[2022-11-29T06:29:51.251+0000] {processor.py:756} INFO - Processing file /opt/airflow/dags/ETL_sismos.py for tasks to queue
[2022-11-29T06:29:51.252+0000] {logging_mixin.py:137} INFO - [2022-11-29T06:29:51.252+0000] {dagbag.py:537} INFO - Filling up the DagBag from /opt/airflow/dags/ETL_sismos.py
[2022-11-29T06:29:51.699+0000] {processor.py:766} INFO - DAG(s) dict_keys(['ETL_sismos']) retrieved from /opt/airflow/dags/ETL_sismos.py
[2022-11-29T06:29:51.726+0000] {logging_mixin.py:137} INFO - [2022-11-29T06:29:51.726+0000] {dag.py:2585} INFO - Sync 1 DAGs
[2022-11-29T06:29:51.749+0000] {logging_mixin.py:137} INFO - [2022-11-29T06:29:51.749+0000] {dag.py:3340} INFO - Setting next_dagrun for ETL_sismos to 2022-11-29T06:28:00+00:00, run_after=2022-11-29T06:29:00+00:00
[2022-11-29T06:29:51.764+0000] {processor.py:176} INFO - Processing /opt/airflow/dags/ETL_sismos.py took 0.515 seconds
[2022-11-29T06:30:22.679+0000] {processor.py:154} INFO - Started process (PID=2408) to work on /opt/airflow/dags/ETL_sismos.py
[2022-11-29T06:30:22.679+0000] {processor.py:756} INFO - Processing file /opt/airflow/dags/ETL_sismos.py for tasks to queue
[2022-11-29T06:30:22.680+0000] {logging_mixin.py:137} INFO - [2022-11-29T06:30:22.680+0000] {dagbag.py:537} INFO - Filling up the DagBag from /opt/airflow/dags/ETL_sismos.py
[2022-11-29T06:30:23.081+0000] {processor.py:766} INFO - DAG(s) dict_keys(['ETL_sismos']) retrieved from /opt/airflow/dags/ETL_sismos.py
[2022-11-29T06:30:23.109+0000] {logging_mixin.py:137} INFO - [2022-11-29T06:30:23.108+0000] {dag.py:2585} INFO - Sync 1 DAGs
[2022-11-29T06:30:23.132+0000] {logging_mixin.py:137} INFO - [2022-11-29T06:30:23.132+0000] {dag.py:3340} INFO - Setting next_dagrun for ETL_sismos to 2022-11-29T06:29:00+00:00, run_after=2022-11-29T06:30:00+00:00
[2022-11-29T06:30:23.147+0000] {processor.py:176} INFO - Processing /opt/airflow/dags/ETL_sismos.py took 0.470 seconds
[2022-11-29T06:30:53.616+0000] {processor.py:154} INFO - Started process (PID=2473) to work on /opt/airflow/dags/ETL_sismos.py
[2022-11-29T06:30:53.616+0000] {processor.py:756} INFO - Processing file /opt/airflow/dags/ETL_sismos.py for tasks to queue
[2022-11-29T06:30:53.617+0000] {logging_mixin.py:137} INFO - [2022-11-29T06:30:53.617+0000] {dagbag.py:537} INFO - Filling up the DagBag from /opt/airflow/dags/ETL_sismos.py
[2022-11-29T06:30:54.044+0000] {processor.py:766} INFO - DAG(s) dict_keys(['ETL_sismos']) retrieved from /opt/airflow/dags/ETL_sismos.py
[2022-11-29T06:30:54.071+0000] {logging_mixin.py:137} INFO - [2022-11-29T06:30:54.071+0000] {dag.py:2585} INFO - Sync 1 DAGs
[2022-11-29T06:30:54.097+0000] {logging_mixin.py:137} INFO - [2022-11-29T06:30:54.096+0000] {dag.py:3340} INFO - Setting next_dagrun for ETL_sismos to 2022-11-29T06:29:00+00:00, run_after=2022-11-29T06:30:00+00:00
[2022-11-29T06:30:54.111+0000] {processor.py:176} INFO - Processing /opt/airflow/dags/ETL_sismos.py took 0.498 seconds
[2022-11-29T06:31:24.990+0000] {processor.py:154} INFO - Started process (PID=2529) to work on /opt/airflow/dags/ETL_sismos.py
[2022-11-29T06:31:24.991+0000] {processor.py:756} INFO - Processing file /opt/airflow/dags/ETL_sismos.py for tasks to queue
[2022-11-29T06:31:24.991+0000] {logging_mixin.py:137} INFO - [2022-11-29T06:31:24.991+0000] {dagbag.py:537} INFO - Filling up the DagBag from /opt/airflow/dags/ETL_sismos.py
[2022-11-29T06:31:25.423+0000] {processor.py:766} INFO - DAG(s) dict_keys(['ETL_sismos']) retrieved from /opt/airflow/dags/ETL_sismos.py
[2022-11-29T06:31:25.511+0000] {logging_mixin.py:137} INFO - [2022-11-29T06:31:25.510+0000] {dag.py:2585} INFO - Sync 1 DAGs
[2022-11-29T06:31:25.540+0000] {logging_mixin.py:137} INFO - [2022-11-29T06:31:25.540+0000] {dag.py:3340} INFO - Setting next_dagrun for ETL_sismos to 2022-11-29T06:30:00+00:00, run_after=2022-11-29T06:31:00+00:00
[2022-11-29T06:31:25.557+0000] {processor.py:176} INFO - Processing /opt/airflow/dags/ETL_sismos.py took 0.570 seconds
[2022-11-29T06:31:56.451+0000] {processor.py:154} INFO - Started process (PID=2594) to work on /opt/airflow/dags/ETL_sismos.py
[2022-11-29T06:31:56.452+0000] {processor.py:756} INFO - Processing file /opt/airflow/dags/ETL_sismos.py for tasks to queue
[2022-11-29T06:31:56.452+0000] {logging_mixin.py:137} INFO - [2022-11-29T06:31:56.452+0000] {dagbag.py:537} INFO - Filling up the DagBag from /opt/airflow/dags/ETL_sismos.py
[2022-11-29T06:31:56.865+0000] {processor.py:766} INFO - DAG(s) dict_keys(['ETL_sismos']) retrieved from /opt/airflow/dags/ETL_sismos.py
[2022-11-29T06:31:56.893+0000] {logging_mixin.py:137} INFO - [2022-11-29T06:31:56.893+0000] {dag.py:2585} INFO - Sync 1 DAGs
[2022-11-29T06:31:56.916+0000] {logging_mixin.py:137} INFO - [2022-11-29T06:31:56.916+0000] {dag.py:3340} INFO - Setting next_dagrun for ETL_sismos to 2022-11-29T06:30:00+00:00, run_after=2022-11-29T06:31:00+00:00
[2022-11-29T06:31:56.933+0000] {processor.py:176} INFO - Processing /opt/airflow/dags/ETL_sismos.py took 0.484 seconds
[2022-11-29T06:32:26.978+0000] {processor.py:154} INFO - Started process (PID=2659) to work on /opt/airflow/dags/ETL_sismos.py
[2022-11-29T06:32:26.979+0000] {processor.py:756} INFO - Processing file /opt/airflow/dags/ETL_sismos.py for tasks to queue
[2022-11-29T06:32:26.980+0000] {logging_mixin.py:137} INFO - [2022-11-29T06:32:26.980+0000] {dagbag.py:537} INFO - Filling up the DagBag from /opt/airflow/dags/ETL_sismos.py
[2022-11-29T06:32:27.384+0000] {processor.py:766} INFO - DAG(s) dict_keys(['ETL_sismos']) retrieved from /opt/airflow/dags/ETL_sismos.py
[2022-11-29T06:32:27.412+0000] {logging_mixin.py:137} INFO - [2022-11-29T06:32:27.411+0000] {dag.py:2585} INFO - Sync 1 DAGs
[2022-11-29T06:32:27.437+0000] {logging_mixin.py:137} INFO - [2022-11-29T06:32:27.437+0000] {dag.py:3340} INFO - Setting next_dagrun for ETL_sismos to 2022-11-29T06:31:00+00:00, run_after=2022-11-29T06:32:00+00:00
[2022-11-29T06:32:27.455+0000] {processor.py:176} INFO - Processing /opt/airflow/dags/ETL_sismos.py took 0.478 seconds
[2022-11-29T06:32:58.424+0000] {processor.py:154} INFO - Started process (PID=2725) to work on /opt/airflow/dags/ETL_sismos.py
[2022-11-29T06:32:58.425+0000] {processor.py:756} INFO - Processing file /opt/airflow/dags/ETL_sismos.py for tasks to queue
[2022-11-29T06:32:58.426+0000] {logging_mixin.py:137} INFO - [2022-11-29T06:32:58.426+0000] {dagbag.py:537} INFO - Filling up the DagBag from /opt/airflow/dags/ETL_sismos.py
[2022-11-29T06:32:58.862+0000] {processor.py:766} INFO - DAG(s) dict_keys(['ETL_sismos']) retrieved from /opt/airflow/dags/ETL_sismos.py
[2022-11-29T06:32:58.888+0000] {logging_mixin.py:137} INFO - [2022-11-29T06:32:58.887+0000] {dag.py:2585} INFO - Sync 1 DAGs
[2022-11-29T06:32:58.911+0000] {logging_mixin.py:137} INFO - [2022-11-29T06:32:58.911+0000] {dag.py:3340} INFO - Setting next_dagrun for ETL_sismos to 2022-11-29T06:31:00+00:00, run_after=2022-11-29T06:32:00+00:00
[2022-11-29T06:32:58.926+0000] {processor.py:176} INFO - Processing /opt/airflow/dags/ETL_sismos.py took 0.504 seconds
[2022-11-29T06:33:29.761+0000] {processor.py:154} INFO - Started process (PID=2790) to work on /opt/airflow/dags/ETL_sismos.py
[2022-11-29T06:33:29.762+0000] {processor.py:756} INFO - Processing file /opt/airflow/dags/ETL_sismos.py for tasks to queue
[2022-11-29T06:33:29.763+0000] {logging_mixin.py:137} INFO - [2022-11-29T06:33:29.763+0000] {dagbag.py:537} INFO - Filling up the DagBag from /opt/airflow/dags/ETL_sismos.py
[2022-11-29T06:33:30.255+0000] {processor.py:766} INFO - DAG(s) dict_keys(['ETL_sismos']) retrieved from /opt/airflow/dags/ETL_sismos.py
[2022-11-29T06:33:30.286+0000] {logging_mixin.py:137} INFO - [2022-11-29T06:33:30.286+0000] {dag.py:2585} INFO - Sync 1 DAGs
[2022-11-29T06:33:30.310+0000] {logging_mixin.py:137} INFO - [2022-11-29T06:33:30.310+0000] {dag.py:3340} INFO - Setting next_dagrun for ETL_sismos to 2022-11-29T06:32:00+00:00, run_after=2022-11-29T06:33:00+00:00
[2022-11-29T06:33:30.325+0000] {processor.py:176} INFO - Processing /opt/airflow/dags/ETL_sismos.py took 0.566 seconds
[2022-11-29T06:34:01.071+0000] {processor.py:154} INFO - Started process (PID=2846) to work on /opt/airflow/dags/ETL_sismos.py
[2022-11-29T06:34:01.071+0000] {processor.py:756} INFO - Processing file /opt/airflow/dags/ETL_sismos.py for tasks to queue
[2022-11-29T06:34:01.072+0000] {logging_mixin.py:137} INFO - [2022-11-29T06:34:01.072+0000] {dagbag.py:537} INFO - Filling up the DagBag from /opt/airflow/dags/ETL_sismos.py
[2022-11-29T06:34:01.503+0000] {processor.py:766} INFO - DAG(s) dict_keys(['ETL_sismos']) retrieved from /opt/airflow/dags/ETL_sismos.py
[2022-11-29T06:34:01.531+0000] {logging_mixin.py:137} INFO - [2022-11-29T06:34:01.531+0000] {dag.py:2585} INFO - Sync 1 DAGs
[2022-11-29T06:34:01.559+0000] {logging_mixin.py:137} INFO - [2022-11-29T06:34:01.559+0000] {dag.py:3340} INFO - Setting next_dagrun for ETL_sismos to 2022-11-29T06:33:00+00:00, run_after=2022-11-29T06:34:00+00:00
[2022-11-29T06:34:01.576+0000] {processor.py:176} INFO - Processing /opt/airflow/dags/ETL_sismos.py took 0.508 seconds
[2022-11-29T06:34:31.853+0000] {processor.py:154} INFO - Started process (PID=2911) to work on /opt/airflow/dags/ETL_sismos.py
[2022-11-29T06:34:31.854+0000] {processor.py:756} INFO - Processing file /opt/airflow/dags/ETL_sismos.py for tasks to queue
[2022-11-29T06:34:31.855+0000] {logging_mixin.py:137} INFO - [2022-11-29T06:34:31.855+0000] {dagbag.py:537} INFO - Filling up the DagBag from /opt/airflow/dags/ETL_sismos.py
[2022-11-29T06:34:32.272+0000] {processor.py:766} INFO - DAG(s) dict_keys(['ETL_sismos']) retrieved from /opt/airflow/dags/ETL_sismos.py
[2022-11-29T06:34:32.301+0000] {logging_mixin.py:137} INFO - [2022-11-29T06:34:32.300+0000] {dag.py:2585} INFO - Sync 1 DAGs
[2022-11-29T06:34:32.326+0000] {logging_mixin.py:137} INFO - [2022-11-29T06:34:32.326+0000] {dag.py:3340} INFO - Setting next_dagrun for ETL_sismos to 2022-11-29T06:33:00+00:00, run_after=2022-11-29T06:34:00+00:00
[2022-11-29T06:34:32.344+0000] {processor.py:176} INFO - Processing /opt/airflow/dags/ETL_sismos.py took 0.492 seconds
[2022-11-29T06:35:02.743+0000] {processor.py:154} INFO - Started process (PID=2976) to work on /opt/airflow/dags/ETL_sismos.py
[2022-11-29T06:35:02.744+0000] {processor.py:756} INFO - Processing file /opt/airflow/dags/ETL_sismos.py for tasks to queue
[2022-11-29T06:35:02.745+0000] {logging_mixin.py:137} INFO - [2022-11-29T06:35:02.744+0000] {dagbag.py:537} INFO - Filling up the DagBag from /opt/airflow/dags/ETL_sismos.py
[2022-11-29T06:35:03.176+0000] {processor.py:766} INFO - DAG(s) dict_keys(['ETL_sismos']) retrieved from /opt/airflow/dags/ETL_sismos.py
[2022-11-29T06:35:03.203+0000] {logging_mixin.py:137} INFO - [2022-11-29T06:35:03.202+0000] {dag.py:2585} INFO - Sync 1 DAGs
[2022-11-29T06:35:03.225+0000] {logging_mixin.py:137} INFO - [2022-11-29T06:35:03.225+0000] {dag.py:3340} INFO - Setting next_dagrun for ETL_sismos to 2022-11-29T06:34:00+00:00, run_after=2022-11-29T06:35:00+00:00
[2022-11-29T06:35:03.241+0000] {processor.py:176} INFO - Processing /opt/airflow/dags/ETL_sismos.py took 0.499 seconds
[2022-11-29T06:35:33.358+0000] {processor.py:154} INFO - Started process (PID=3041) to work on /opt/airflow/dags/ETL_sismos.py
[2022-11-29T06:35:33.359+0000] {processor.py:756} INFO - Processing file /opt/airflow/dags/ETL_sismos.py for tasks to queue
[2022-11-29T06:35:33.360+0000] {logging_mixin.py:137} INFO - [2022-11-29T06:35:33.360+0000] {dagbag.py:537} INFO - Filling up the DagBag from /opt/airflow/dags/ETL_sismos.py
[2022-11-29T06:35:33.819+0000] {processor.py:766} INFO - DAG(s) dict_keys(['ETL_sismos']) retrieved from /opt/airflow/dags/ETL_sismos.py
[2022-11-29T06:35:33.846+0000] {logging_mixin.py:137} INFO - [2022-11-29T06:35:33.845+0000] {dag.py:2585} INFO - Sync 1 DAGs
[2022-11-29T06:35:33.868+0000] {logging_mixin.py:137} INFO - [2022-11-29T06:35:33.868+0000] {dag.py:3340} INFO - Setting next_dagrun for ETL_sismos to 2022-11-29T06:34:00+00:00, run_after=2022-11-29T06:35:00+00:00
[2022-11-29T06:35:33.883+0000] {processor.py:176} INFO - Processing /opt/airflow/dags/ETL_sismos.py took 0.527 seconds
[2022-11-29T06:36:04.673+0000] {processor.py:154} INFO - Started process (PID=3097) to work on /opt/airflow/dags/ETL_sismos.py
[2022-11-29T06:36:04.674+0000] {processor.py:756} INFO - Processing file /opt/airflow/dags/ETL_sismos.py for tasks to queue
[2022-11-29T06:36:04.675+0000] {logging_mixin.py:137} INFO - [2022-11-29T06:36:04.675+0000] {dagbag.py:537} INFO - Filling up the DagBag from /opt/airflow/dags/ETL_sismos.py
[2022-11-29T06:36:05.121+0000] {processor.py:766} INFO - DAG(s) dict_keys(['ETL_sismos']) retrieved from /opt/airflow/dags/ETL_sismos.py
[2022-11-29T06:36:05.148+0000] {logging_mixin.py:137} INFO - [2022-11-29T06:36:05.147+0000] {dag.py:2585} INFO - Sync 1 DAGs
[2022-11-29T06:36:05.171+0000] {logging_mixin.py:137} INFO - [2022-11-29T06:36:05.171+0000] {dag.py:3340} INFO - Setting next_dagrun for ETL_sismos to 2022-11-29T06:35:00+00:00, run_after=2022-11-29T06:36:00+00:00
[2022-11-29T06:36:05.187+0000] {processor.py:176} INFO - Processing /opt/airflow/dags/ETL_sismos.py took 0.516 seconds
[2022-11-29T06:36:35.217+0000] {processor.py:154} INFO - Started process (PID=3162) to work on /opt/airflow/dags/ETL_sismos.py
[2022-11-29T06:36:35.218+0000] {processor.py:756} INFO - Processing file /opt/airflow/dags/ETL_sismos.py for tasks to queue
[2022-11-29T06:36:35.219+0000] {logging_mixin.py:137} INFO - [2022-11-29T06:36:35.219+0000] {dagbag.py:537} INFO - Filling up the DagBag from /opt/airflow/dags/ETL_sismos.py
[2022-11-29T06:36:35.650+0000] {processor.py:766} INFO - DAG(s) dict_keys(['ETL_sismos']) retrieved from /opt/airflow/dags/ETL_sismos.py
[2022-11-29T06:36:35.686+0000] {logging_mixin.py:137} INFO - [2022-11-29T06:36:35.685+0000] {dag.py:2585} INFO - Sync 1 DAGs
[2022-11-29T06:36:35.716+0000] {logging_mixin.py:137} INFO - [2022-11-29T06:36:35.716+0000] {dag.py:3340} INFO - Setting next_dagrun for ETL_sismos to 2022-11-29T06:35:00+00:00, run_after=2022-11-29T06:36:00+00:00
[2022-11-29T06:36:35.733+0000] {processor.py:176} INFO - Processing /opt/airflow/dags/ETL_sismos.py took 0.517 seconds
[2022-11-29T06:37:06.385+0000] {processor.py:154} INFO - Started process (PID=3228) to work on /opt/airflow/dags/ETL_sismos.py
[2022-11-29T06:37:06.386+0000] {processor.py:756} INFO - Processing file /opt/airflow/dags/ETL_sismos.py for tasks to queue
[2022-11-29T06:37:06.386+0000] {logging_mixin.py:137} INFO - [2022-11-29T06:37:06.386+0000] {dagbag.py:537} INFO - Filling up the DagBag from /opt/airflow/dags/ETL_sismos.py
[2022-11-29T06:37:06.801+0000] {processor.py:766} INFO - DAG(s) dict_keys(['ETL_sismos']) retrieved from /opt/airflow/dags/ETL_sismos.py
[2022-11-29T06:37:06.829+0000] {logging_mixin.py:137} INFO - [2022-11-29T06:37:06.827+0000] {dag.py:2585} INFO - Sync 1 DAGs
[2022-11-29T06:37:06.852+0000] {logging_mixin.py:137} INFO - [2022-11-29T06:37:06.851+0000] {dag.py:3340} INFO - Setting next_dagrun for ETL_sismos to 2022-11-29T06:36:00+00:00, run_after=2022-11-29T06:37:00+00:00
[2022-11-29T06:37:06.868+0000] {processor.py:176} INFO - Processing /opt/airflow/dags/ETL_sismos.py took 0.485 seconds
[2022-11-29T06:37:37.337+0000] {processor.py:154} INFO - Started process (PID=3293) to work on /opt/airflow/dags/ETL_sismos.py
[2022-11-29T06:37:37.337+0000] {processor.py:756} INFO - Processing file /opt/airflow/dags/ETL_sismos.py for tasks to queue
[2022-11-29T06:37:37.338+0000] {logging_mixin.py:137} INFO - [2022-11-29T06:37:37.338+0000] {dagbag.py:537} INFO - Filling up the DagBag from /opt/airflow/dags/ETL_sismos.py
[2022-11-29T06:37:37.781+0000] {processor.py:766} INFO - DAG(s) dict_keys(['ETL_sismos']) retrieved from /opt/airflow/dags/ETL_sismos.py
[2022-11-29T06:37:37.808+0000] {logging_mixin.py:137} INFO - [2022-11-29T06:37:37.808+0000] {dag.py:2585} INFO - Sync 1 DAGs
[2022-11-29T06:37:37.832+0000] {logging_mixin.py:137} INFO - [2022-11-29T06:37:37.832+0000] {dag.py:3340} INFO - Setting next_dagrun for ETL_sismos to 2022-11-29T06:36:00+00:00, run_after=2022-11-29T06:37:00+00:00
[2022-11-29T06:37:37.848+0000] {processor.py:176} INFO - Processing /opt/airflow/dags/ETL_sismos.py took 0.513 seconds
[2022-11-29T06:38:08.629+0000] {processor.py:154} INFO - Started process (PID=3349) to work on /opt/airflow/dags/ETL_sismos.py
[2022-11-29T06:38:08.630+0000] {processor.py:756} INFO - Processing file /opt/airflow/dags/ETL_sismos.py for tasks to queue
[2022-11-29T06:38:08.630+0000] {logging_mixin.py:137} INFO - [2022-11-29T06:38:08.630+0000] {dagbag.py:537} INFO - Filling up the DagBag from /opt/airflow/dags/ETL_sismos.py
[2022-11-29T06:38:09.028+0000] {processor.py:766} INFO - DAG(s) dict_keys(['ETL_sismos']) retrieved from /opt/airflow/dags/ETL_sismos.py
[2022-11-29T06:38:09.055+0000] {logging_mixin.py:137} INFO - [2022-11-29T06:38:09.054+0000] {dag.py:2585} INFO - Sync 1 DAGs
[2022-11-29T06:38:09.077+0000] {logging_mixin.py:137} INFO - [2022-11-29T06:38:09.077+0000] {dag.py:3340} INFO - Setting next_dagrun for ETL_sismos to 2022-11-29T06:37:00+00:00, run_after=2022-11-29T06:38:00+00:00
[2022-11-29T06:38:09.093+0000] {processor.py:176} INFO - Processing /opt/airflow/dags/ETL_sismos.py took 0.466 seconds
[2022-11-29T06:38:40.001+0000] {processor.py:154} INFO - Started process (PID=3414) to work on /opt/airflow/dags/ETL_sismos.py
[2022-11-29T06:38:40.002+0000] {processor.py:756} INFO - Processing file /opt/airflow/dags/ETL_sismos.py for tasks to queue
[2022-11-29T06:38:40.003+0000] {logging_mixin.py:137} INFO - [2022-11-29T06:38:40.003+0000] {dagbag.py:537} INFO - Filling up the DagBag from /opt/airflow/dags/ETL_sismos.py
[2022-11-29T06:38:40.474+0000] {processor.py:766} INFO - DAG(s) dict_keys(['ETL_sismos']) retrieved from /opt/airflow/dags/ETL_sismos.py
[2022-11-29T06:38:40.504+0000] {logging_mixin.py:137} INFO - [2022-11-29T06:38:40.503+0000] {dag.py:2585} INFO - Sync 1 DAGs
[2022-11-29T06:38:40.530+0000] {logging_mixin.py:137} INFO - [2022-11-29T06:38:40.530+0000] {dag.py:3340} INFO - Setting next_dagrun for ETL_sismos to 2022-11-29T06:37:00+00:00, run_after=2022-11-29T06:38:00+00:00
[2022-11-29T06:38:40.547+0000] {processor.py:176} INFO - Processing /opt/airflow/dags/ETL_sismos.py took 0.548 seconds
[2022-11-29T06:39:11.477+0000] {processor.py:154} INFO - Started process (PID=3480) to work on /opt/airflow/dags/ETL_sismos.py
[2022-11-29T06:39:11.477+0000] {processor.py:756} INFO - Processing file /opt/airflow/dags/ETL_sismos.py for tasks to queue
[2022-11-29T06:39:11.478+0000] {logging_mixin.py:137} INFO - [2022-11-29T06:39:11.478+0000] {dagbag.py:537} INFO - Filling up the DagBag from /opt/airflow/dags/ETL_sismos.py
[2022-11-29T06:39:11.892+0000] {processor.py:766} INFO - DAG(s) dict_keys(['ETL_sismos']) retrieved from /opt/airflow/dags/ETL_sismos.py
[2022-11-29T06:39:11.920+0000] {logging_mixin.py:137} INFO - [2022-11-29T06:39:11.919+0000] {dag.py:2585} INFO - Sync 1 DAGs
[2022-11-29T06:39:11.944+0000] {logging_mixin.py:137} INFO - [2022-11-29T06:39:11.943+0000] {dag.py:3340} INFO - Setting next_dagrun for ETL_sismos to 2022-11-29T06:38:00+00:00, run_after=2022-11-29T06:39:00+00:00
[2022-11-29T06:39:11.961+0000] {processor.py:176} INFO - Processing /opt/airflow/dags/ETL_sismos.py took 0.486 seconds
[2022-11-29T06:39:42.968+0000] {processor.py:154} INFO - Started process (PID=3545) to work on /opt/airflow/dags/ETL_sismos.py
[2022-11-29T06:39:42.968+0000] {processor.py:756} INFO - Processing file /opt/airflow/dags/ETL_sismos.py for tasks to queue
[2022-11-29T06:39:42.969+0000] {logging_mixin.py:137} INFO - [2022-11-29T06:39:42.969+0000] {dagbag.py:537} INFO - Filling up the DagBag from /opt/airflow/dags/ETL_sismos.py
[2022-11-29T06:39:43.419+0000] {processor.py:766} INFO - DAG(s) dict_keys(['ETL_sismos']) retrieved from /opt/airflow/dags/ETL_sismos.py
[2022-11-29T06:39:43.449+0000] {logging_mixin.py:137} INFO - [2022-11-29T06:39:43.449+0000] {dag.py:2585} INFO - Sync 1 DAGs
[2022-11-29T06:39:43.476+0000] {logging_mixin.py:137} INFO - [2022-11-29T06:39:43.476+0000] {dag.py:3340} INFO - Setting next_dagrun for ETL_sismos to 2022-11-29T06:38:00+00:00, run_after=2022-11-29T06:39:00+00:00
[2022-11-29T06:39:43.493+0000] {processor.py:176} INFO - Processing /opt/airflow/dags/ETL_sismos.py took 0.528 seconds
[2022-11-29T06:40:14.288+0000] {processor.py:154} INFO - Started process (PID=3610) to work on /opt/airflow/dags/ETL_sismos.py
[2022-11-29T06:40:14.289+0000] {processor.py:756} INFO - Processing file /opt/airflow/dags/ETL_sismos.py for tasks to queue
[2022-11-29T06:40:14.290+0000] {logging_mixin.py:137} INFO - [2022-11-29T06:40:14.289+0000] {dagbag.py:537} INFO - Filling up the DagBag from /opt/airflow/dags/ETL_sismos.py
[2022-11-29T06:40:14.853+0000] {processor.py:766} INFO - DAG(s) dict_keys(['ETL_sismos']) retrieved from /opt/airflow/dags/ETL_sismos.py
[2022-11-29T06:40:14.883+0000] {logging_mixin.py:137} INFO - [2022-11-29T06:40:14.882+0000] {dag.py:2585} INFO - Sync 1 DAGs
[2022-11-29T06:40:14.906+0000] {logging_mixin.py:137} INFO - [2022-11-29T06:40:14.906+0000] {dag.py:3340} INFO - Setting next_dagrun for ETL_sismos to 2022-11-29T06:39:00+00:00, run_after=2022-11-29T06:40:00+00:00
[2022-11-29T06:40:14.926+0000] {processor.py:176} INFO - Processing /opt/airflow/dags/ETL_sismos.py took 0.640 seconds
[2022-11-29T06:40:45.757+0000] {processor.py:154} INFO - Started process (PID=3666) to work on /opt/airflow/dags/ETL_sismos.py
[2022-11-29T06:40:45.757+0000] {processor.py:756} INFO - Processing file /opt/airflow/dags/ETL_sismos.py for tasks to queue
[2022-11-29T06:40:45.758+0000] {logging_mixin.py:137} INFO - [2022-11-29T06:40:45.758+0000] {dagbag.py:537} INFO - Filling up the DagBag from /opt/airflow/dags/ETL_sismos.py
[2022-11-29T06:40:46.187+0000] {processor.py:766} INFO - DAG(s) dict_keys(['ETL_sismos']) retrieved from /opt/airflow/dags/ETL_sismos.py
[2022-11-29T06:40:46.215+0000] {logging_mixin.py:137} INFO - [2022-11-29T06:40:46.215+0000] {dag.py:2585} INFO - Sync 1 DAGs
[2022-11-29T06:40:46.242+0000] {logging_mixin.py:137} INFO - [2022-11-29T06:40:46.241+0000] {dag.py:3340} INFO - Setting next_dagrun for ETL_sismos to 2022-11-29T06:39:00+00:00, run_after=2022-11-29T06:40:00+00:00
[2022-11-29T06:40:46.266+0000] {processor.py:176} INFO - Processing /opt/airflow/dags/ETL_sismos.py took 0.511 seconds
[2022-11-29T06:41:17.214+0000] {processor.py:154} INFO - Started process (PID=3731) to work on /opt/airflow/dags/ETL_sismos.py
[2022-11-29T06:41:17.215+0000] {processor.py:756} INFO - Processing file /opt/airflow/dags/ETL_sismos.py for tasks to queue
[2022-11-29T06:41:17.215+0000] {logging_mixin.py:137} INFO - [2022-11-29T06:41:17.215+0000] {dagbag.py:537} INFO - Filling up the DagBag from /opt/airflow/dags/ETL_sismos.py
[2022-11-29T06:41:17.632+0000] {processor.py:766} INFO - DAG(s) dict_keys(['ETL_sismos']) retrieved from /opt/airflow/dags/ETL_sismos.py
[2022-11-29T06:41:17.662+0000] {logging_mixin.py:137} INFO - [2022-11-29T06:41:17.661+0000] {dag.py:2585} INFO - Sync 1 DAGs
[2022-11-29T06:41:17.687+0000] {logging_mixin.py:137} INFO - [2022-11-29T06:41:17.687+0000] {dag.py:3340} INFO - Setting next_dagrun for ETL_sismos to 2022-11-29T06:40:00+00:00, run_after=2022-11-29T06:41:00+00:00
[2022-11-29T06:41:17.702+0000] {processor.py:176} INFO - Processing /opt/airflow/dags/ETL_sismos.py took 0.490 seconds
[2022-11-29T06:41:48.706+0000] {processor.py:154} INFO - Started process (PID=3796) to work on /opt/airflow/dags/ETL_sismos.py
[2022-11-29T06:41:48.707+0000] {processor.py:756} INFO - Processing file /opt/airflow/dags/ETL_sismos.py for tasks to queue
[2022-11-29T06:41:48.708+0000] {logging_mixin.py:137} INFO - [2022-11-29T06:41:48.708+0000] {dagbag.py:537} INFO - Filling up the DagBag from /opt/airflow/dags/ETL_sismos.py
[2022-11-29T06:41:49.124+0000] {processor.py:766} INFO - DAG(s) dict_keys(['ETL_sismos']) retrieved from /opt/airflow/dags/ETL_sismos.py
[2022-11-29T06:41:49.152+0000] {logging_mixin.py:137} INFO - [2022-11-29T06:41:49.151+0000] {dag.py:2585} INFO - Sync 1 DAGs
[2022-11-29T06:41:49.176+0000] {logging_mixin.py:137} INFO - [2022-11-29T06:41:49.176+0000] {dag.py:3340} INFO - Setting next_dagrun for ETL_sismos to 2022-11-29T06:40:00+00:00, run_after=2022-11-29T06:41:00+00:00
[2022-11-29T06:41:49.192+0000] {processor.py:176} INFO - Processing /opt/airflow/dags/ETL_sismos.py took 0.487 seconds
[2022-11-29T06:42:19.424+0000] {processor.py:154} INFO - Started process (PID=3861) to work on /opt/airflow/dags/ETL_sismos.py
[2022-11-29T06:42:19.424+0000] {processor.py:756} INFO - Processing file /opt/airflow/dags/ETL_sismos.py for tasks to queue
[2022-11-29T06:42:19.425+0000] {logging_mixin.py:137} INFO - [2022-11-29T06:42:19.425+0000] {dagbag.py:537} INFO - Filling up the DagBag from /opt/airflow/dags/ETL_sismos.py
[2022-11-29T06:42:19.848+0000] {processor.py:766} INFO - DAG(s) dict_keys(['ETL_sismos']) retrieved from /opt/airflow/dags/ETL_sismos.py
[2022-11-29T06:42:19.875+0000] {logging_mixin.py:137} INFO - [2022-11-29T06:42:19.875+0000] {dag.py:2585} INFO - Sync 1 DAGs
[2022-11-29T06:42:19.900+0000] {logging_mixin.py:137} INFO - [2022-11-29T06:42:19.900+0000] {dag.py:3340} INFO - Setting next_dagrun for ETL_sismos to 2022-11-29T06:41:00+00:00, run_after=2022-11-29T06:42:00+00:00
[2022-11-29T06:42:19.921+0000] {processor.py:176} INFO - Processing /opt/airflow/dags/ETL_sismos.py took 0.500 seconds
[2022-11-29T06:42:50.431+0000] {processor.py:154} INFO - Started process (PID=3917) to work on /opt/airflow/dags/ETL_sismos.py
[2022-11-29T06:42:50.432+0000] {processor.py:756} INFO - Processing file /opt/airflow/dags/ETL_sismos.py for tasks to queue
[2022-11-29T06:42:50.432+0000] {logging_mixin.py:137} INFO - [2022-11-29T06:42:50.432+0000] {dagbag.py:537} INFO - Filling up the DagBag from /opt/airflow/dags/ETL_sismos.py
[2022-11-29T06:42:50.879+0000] {processor.py:766} INFO - DAG(s) dict_keys(['ETL_sismos']) retrieved from /opt/airflow/dags/ETL_sismos.py
[2022-11-29T06:42:50.939+0000] {logging_mixin.py:137} INFO - [2022-11-29T06:42:50.939+0000] {dag.py:2585} INFO - Sync 1 DAGs
[2022-11-29T06:42:50.965+0000] {logging_mixin.py:137} INFO - [2022-11-29T06:42:50.965+0000] {dag.py:3340} INFO - Setting next_dagrun for ETL_sismos to 2022-11-29T06:41:00+00:00, run_after=2022-11-29T06:42:00+00:00
[2022-11-29T06:42:50.983+0000] {processor.py:176} INFO - Processing /opt/airflow/dags/ETL_sismos.py took 0.553 seconds
[2022-11-29T06:43:21.038+0000] {processor.py:154} INFO - Started process (PID=3982) to work on /opt/airflow/dags/ETL_sismos.py
[2022-11-29T06:43:21.038+0000] {processor.py:756} INFO - Processing file /opt/airflow/dags/ETL_sismos.py for tasks to queue
[2022-11-29T06:43:21.039+0000] {logging_mixin.py:137} INFO - [2022-11-29T06:43:21.039+0000] {dagbag.py:537} INFO - Filling up the DagBag from /opt/airflow/dags/ETL_sismos.py
[2022-11-29T06:43:21.499+0000] {processor.py:766} INFO - DAG(s) dict_keys(['ETL_sismos']) retrieved from /opt/airflow/dags/ETL_sismos.py
[2022-11-29T06:43:21.540+0000] {logging_mixin.py:137} INFO - [2022-11-29T06:43:21.539+0000] {dag.py:2585} INFO - Sync 1 DAGs
[2022-11-29T06:43:21.569+0000] {logging_mixin.py:137} INFO - [2022-11-29T06:43:21.569+0000] {dag.py:3340} INFO - Setting next_dagrun for ETL_sismos to 2022-11-29T06:42:00+00:00, run_after=2022-11-29T06:43:00+00:00
[2022-11-29T06:43:21.589+0000] {processor.py:176} INFO - Processing /opt/airflow/dags/ETL_sismos.py took 0.553 seconds
[2022-11-29T06:43:52.495+0000] {processor.py:154} INFO - Started process (PID=4047) to work on /opt/airflow/dags/ETL_sismos.py
[2022-11-29T06:43:52.495+0000] {processor.py:756} INFO - Processing file /opt/airflow/dags/ETL_sismos.py for tasks to queue
[2022-11-29T06:43:52.496+0000] {logging_mixin.py:137} INFO - [2022-11-29T06:43:52.496+0000] {dagbag.py:537} INFO - Filling up the DagBag from /opt/airflow/dags/ETL_sismos.py
[2022-11-29T06:43:52.925+0000] {processor.py:766} INFO - DAG(s) dict_keys(['ETL_sismos']) retrieved from /opt/airflow/dags/ETL_sismos.py
[2022-11-29T06:43:52.953+0000] {logging_mixin.py:137} INFO - [2022-11-29T06:43:52.953+0000] {dag.py:2585} INFO - Sync 1 DAGs
[2022-11-29T06:43:52.976+0000] {logging_mixin.py:137} INFO - [2022-11-29T06:43:52.976+0000] {dag.py:3340} INFO - Setting next_dagrun for ETL_sismos to 2022-11-29T06:42:00+00:00, run_after=2022-11-29T06:43:00+00:00
[2022-11-29T06:43:52.991+0000] {processor.py:176} INFO - Processing /opt/airflow/dags/ETL_sismos.py took 0.498 seconds
[2022-11-29T06:44:23.819+0000] {processor.py:154} INFO - Started process (PID=4112) to work on /opt/airflow/dags/ETL_sismos.py
[2022-11-29T06:44:23.820+0000] {processor.py:756} INFO - Processing file /opt/airflow/dags/ETL_sismos.py for tasks to queue
[2022-11-29T06:44:23.820+0000] {logging_mixin.py:137} INFO - [2022-11-29T06:44:23.820+0000] {dagbag.py:537} INFO - Filling up the DagBag from /opt/airflow/dags/ETL_sismos.py
[2022-11-29T06:44:24.329+0000] {processor.py:766} INFO - DAG(s) dict_keys(['ETL_sismos']) retrieved from /opt/airflow/dags/ETL_sismos.py
[2022-11-29T06:44:24.355+0000] {logging_mixin.py:137} INFO - [2022-11-29T06:44:24.355+0000] {dag.py:2585} INFO - Sync 1 DAGs
[2022-11-29T06:44:24.379+0000] {logging_mixin.py:137} INFO - [2022-11-29T06:44:24.379+0000] {dag.py:3340} INFO - Setting next_dagrun for ETL_sismos to 2022-11-29T06:43:00+00:00, run_after=2022-11-29T06:44:00+00:00
[2022-11-29T06:44:24.396+0000] {processor.py:176} INFO - Processing /opt/airflow/dags/ETL_sismos.py took 0.579 seconds
[2022-11-29T06:44:54.748+0000] {processor.py:154} INFO - Started process (PID=4178) to work on /opt/airflow/dags/ETL_sismos.py
[2022-11-29T06:44:54.749+0000] {processor.py:756} INFO - Processing file /opt/airflow/dags/ETL_sismos.py for tasks to queue
[2022-11-29T06:44:54.750+0000] {logging_mixin.py:137} INFO - [2022-11-29T06:44:54.750+0000] {dagbag.py:537} INFO - Filling up the DagBag from /opt/airflow/dags/ETL_sismos.py
[2022-11-29T06:44:55.251+0000] {processor.py:766} INFO - DAG(s) dict_keys(['ETL_sismos']) retrieved from /opt/airflow/dags/ETL_sismos.py
[2022-11-29T06:44:55.283+0000] {logging_mixin.py:137} INFO - [2022-11-29T06:44:55.282+0000] {dag.py:2585} INFO - Sync 1 DAGs
[2022-11-29T06:44:55.318+0000] {logging_mixin.py:137} INFO - [2022-11-29T06:44:55.318+0000] {dag.py:3340} INFO - Setting next_dagrun for ETL_sismos to 2022-11-29T06:43:00+00:00, run_after=2022-11-29T06:44:00+00:00
[2022-11-29T06:44:55.339+0000] {processor.py:176} INFO - Processing /opt/airflow/dags/ETL_sismos.py took 0.593 seconds
